2019-03-02 11:32:46,127 - INFO - args: ({'action': 'presence', 'time': 1551508366.1266696, 'user': {'account_name': 'Guest'}},) = {'response': 200} - presence_response - __main__
2019-03-02 11:32:46,130 - INFO - args: ({'action': 'presence', 'time': 1551508366.1276705, 'user': {'account_name': 'Guest'}},) = {'response': 200} - presence_response - __main__
2019-03-02 11:32:46,131 - INFO - args: ({'action': 'presence', 'time': 1551508366.130673, 'user': {'account_name': 'Guest'}},) = {'response': 200} - presence_response - __main__
2019-03-02 11:32:46,132 - INFO - args: ({'action': 'presence', 'time': 1551508366.1326737, 'user': {'account_name': 'Guest'}},) = {'response': 200} - presence_response - __main__
2019-03-02 11:32:46,156 - INFO - args: ({'action': 'presence', 'time': 1551508366.1556892, 'user': {'account_name': 'Guest'}},) = {'response': 200} - presence_response - __main__
2019-03-02 15:23:56,883 - INFO - args: ({'action': 'presence', 'time': 1551522236.8172336, 'user': {'account_name': 'Guest'}},) = {'response': 200} - presence_response - __main__
2019-03-02 15:23:56,897 - INFO - args: ({'action': 'presence', 'time': 1551522236.8222363, 'user': {'account_name': 'Guest'}},) = {'response': 200} - presence_response - __main__
2019-03-02 15:23:56,908 - INFO - args: ({'action': 'presence', 'time': 1551522236.9072938, 'user': {'account_name': 'Guest'}},) = {'response': 200} - presence_response - __main__
2019-03-02 15:23:56,908 - INFO - args: ({'action': 'presence', 'time': 1551522236.9082956, 'user': {'account_name': 'Guest'}},) = {'response': 200} - presence_response - __main__
2019-03-02 15:23:56,920 - INFO - args: ({'action': 'presence', 'time': 1551522236.9203022, 'user': {'account_name': 'Guest'}},) = {'response': 200} - presence_response - __main__
2019-06-07 12:12:16,750 - INFO - args: ({'action': 'presence', 'time': 1559898736.7404575, 'user': {'account_name': 'Guest'}},) = {'response': 200} - presence_response - __main__
2019-06-07 12:12:16,762 - INFO - args: ({'action': 'presence', 'time': 1559898736.7404575, 'user': {'account_name': 'Guest'}},) = {'response': 200} - presence_response - __main__
2019-06-07 12:12:16,762 - INFO - args: ({'action': 'presence', 'time': 1559898736.7414577, 'user': {'account_name': 'Guest'}},) = {'response': 200} - presence_response - __main__
2019-06-07 12:12:16,763 - INFO - args: ({'action': 'presence', 'time': 1559898736.7554586, 'user': {'account_name': 'Guest'}},) = {'response': 200} - presence_response - __main__
2019-06-07 12:15:52,208 - INFO - args: ({'action': 'presence', 'time': '07-06-2019 12:15:52', 'user': {'account name': 'Ольга'}},) = {'response': 400, 'error': 'Не верный запрос'} - presence_response - __main__
2019-06-07 12:18:02,115 - INFO - args: ({'action': 'presence', 'time': '07-06-2019 12:18:02', 'user': {'account name': 'Ольга'}},) = {'response': 400, 'error': 'Не верный запрос'} - presence_response - __main__
2019-06-07 12:21:55,733 - INFO - args: ({'action': 'presence', 'time': '07-06-2019 12:21:55', 'user': {'account name': 'Ольга'}},) = {'response': 400, 'error': 'Не верный запрос'} - presence_response - __main__
2019-06-07 12:22:00,258 - INFO - args: ({'action': 'presence', 'time': '07-06-2019 12:22:00', 'user': {'account name': 'пп'}},) = {'response': 400, 'error': 'Не верный запрос'} - presence_response - __main__
2019-06-07 12:22:03,083 - INFO - args: ({'action': 'presence', 'time': '07-06-2019 12:22:03', 'user': {'account name': 'ss'}},) = {'response': 400, 'error': 'Не верный запрос'} - presence_response - __main__
2019-06-07 12:22:05,762 - INFO - args: ({'action': 'presence', 'time': '07-06-2019 12:22:05', 'user': {'account name': 'чфыв'}},) = {'response': 400, 'error': 'Не верный запрос'} - presence_response - __main__
2019-06-07 12:22:54,397 - INFO - args: ({'action': 'presence', 'time': '07-06-2019 12:22:54', 'user': {'account name': 'ы'}},) = {'response': 400, 'error': 'Не верный запрос'} - presence_response - __main__
2019-06-07 12:23:42,649 - INFO - args: ({'action': 'presence', 'time': '07-06-2019 12:23:42', 'user': {'account name': 'test'}},) = {'response': 400, 'error': 'Не верный запрос'} - presence_response - __main__
2019-06-07 12:23:42,650 - INFO - args: ({'action': 'presence', 'time': '07-06-2019 12:23:42', 'user': {'account name': 'test'}},) = {'response': 400, 'error': 'Не верный запрос'} - presence_response - __main__
2019-06-07 12:23:42,651 - INFO - args: ({'action': 'presence', 'time': '07-06-2019 12:23:42', 'user': {'account name': 'test'}},) = {'response': 400, 'error': 'Не верный запрос'} - presence_response - __main__
2019-06-07 12:23:42,652 - INFO - args: ({'action': 'presence', 'time': '07-06-2019 12:23:42', 'user': {'account name': 'test'}},) = {'response': 400, 'error': 'Не верный запрос'} - presence_response - __main__
2019-06-07 12:24:18,737 - INFO - args: ({'action': 'presence', 'time': '07-06-2019 12:24:18', 'user': {'account name': 'test'}},) = {'response': 400, 'error': 'Не верный запрос'} - presence_response - __main__
2019-06-07 12:24:18,738 - INFO - args: ({'action': 'presence', 'time': '07-06-2019 12:24:18', 'user': {'account name': 'test'}},) = {'response': 400, 'error': 'Не верный запрос'} - presence_response - __main__
2019-06-07 12:24:18,740 - INFO - args: ({'action': 'presence', 'time': '07-06-2019 12:24:18', 'user': {'account name': 'test'}},) = {'response': 400, 'error': 'Не верный запрос'} - presence_response - __main__
2019-06-07 12:24:18,744 - INFO - args: ({'action': 'presence', 'time': '07-06-2019 12:24:18', 'user': {'account name': 'test'}},) = {'response': 400, 'error': 'Не верный запрос'} - presence_response - __main__
2019-06-07 12:34:01,235 - INFO - args: ({'action': 'presence', 'time': '07-06-2019 12:34:01', 'user': {'account name': 'Guest'}},) = {'response': 400, 'error': 'Не верный запрос'} - presence_response - __main__
2019-06-07 12:34:01,359 - INFO - args: ({'action': 'presence', 'time': '07-06-2019 12:34:01', 'user': {'account name': 'Guest'}},) = {'response': 400, 'error': 'Не верный запрос'} - presence_response - __main__
2019-06-07 12:34:01,373 - INFO - args: ({'action': 'presence', 'time': '07-06-2019 12:34:01', 'user': {'account name': 'Guest'}},) = {'response': 400, 'error': 'Не верный запрос'} - presence_response - __main__
2019-06-07 12:34:01,382 - INFO - args: ({'action': 'presence', 'time': '07-06-2019 12:34:01', 'user': {'account name': 'Guest'}},) = {'response': 400, 'error': 'Не верный запрос'} - presence_response - __main__
2019-06-07 12:35:18,003 - INFO - args: ({'action': 'presence', 'time': '07-06-2019 12:35:18', 'user': {'account name': 'Guest'}},) = {'response': 400, 'error': 'Не верный запрос'} - presence_response - __main__
2019-06-07 12:35:18,004 - INFO - args: ({'action': 'presence', 'time': '07-06-2019 12:35:18', 'user': {'account name': 'Guest'}},) = {'response': 400, 'error': 'Не верный запрос'} - presence_response - __main__
2019-06-07 12:35:18,004 - INFO - args: ({'action': 'presence', 'time': '07-06-2019 12:35:18', 'user': {'account name': 'Guest'}},) = {'response': 400, 'error': 'Не верный запрос'} - presence_response - __main__
2019-06-07 12:35:18,005 - INFO - args: ({'action': 'presence', 'time': '07-06-2019 12:35:18', 'user': {'account name': 'Guest'}},) = {'response': 400, 'error': 'Не верный запрос'} - presence_response - __main__
2019-06-07 12:36:54,409 - INFO - args: ({'action': 'presence', 'time': '07-06-2019 12:36:54', 'user': {'account name': 'Guest'}},) = {'response': 400, 'error': 'Не верный запрос'} - presence_response - __main__
2019-06-07 12:36:54,411 - INFO - args: ({'action': 'presence', 'time': '07-06-2019 12:36:54', 'user': {'account name': 'Guest'}},) = {'response': 400, 'error': 'Не верный запрос'} - presence_response - __main__
2019-06-07 12:36:54,412 - INFO - args: ({'action': 'presence', 'time': '07-06-2019 12:36:54', 'user': {'account name': 'Guest'}},) = {'response': 400, 'error': 'Не верный запрос'} - presence_response - __main__
2019-06-07 12:36:54,413 - INFO - args: ({'action': 'presence', 'time': '07-06-2019 12:36:54', 'user': {'account name': 'Guest'}},) = {'response': 400, 'error': 'Не верный запрос'} - presence_response - __main__
2019-06-07 12:39:00,221 - INFO - args: ({'action': 'presence', 'time': '07-06-2019 12:39:00', 'user': {'account name': 'Guest'}},) = {'response': 400, 'error': 'Не верный запрос'} - presence_response - __main__
2019-06-07 12:39:00,222 - INFO - args: ({'action': 'presence', 'time': '07-06-2019 12:39:00', 'user': {'account name': 'Guest'}},) = {'response': 400, 'error': 'Не верный запрос'} - presence_response - __main__
2019-06-07 12:39:00,236 - INFO - args: ({'action': 'presence', 'time': '07-06-2019 12:39:00', 'user': {'account name': 'Guest'}},) = {'response': 400, 'error': 'Не верный запрос'} - presence_response - __main__
2019-06-07 12:39:00,246 - INFO - args: ({'action': 'presence', 'time': '07-06-2019 12:39:00', 'user': {'account name': 'Guest'}},) = {'response': 400, 'error': 'Не верный запрос'} - presence_response - __main__
2019-06-07 12:40:33,078 - INFO - args: ({'action': 'presence', 'time': '07-06-2019 12:40:33', 'user': {'account name': 'Guest'}},) = {'response': 400, 'error': 'Не верный запрос'} - presence_response - __main__
2019-06-07 12:40:33,079 - INFO - args: ({'action': 'presence', 'time': '07-06-2019 12:40:33', 'user': {'account name': 'Guest'}},) = {'response': 400, 'error': 'Не верный запрос'} - presence_response - __main__
2019-06-07 12:40:33,079 - INFO - args: ({'action': 'presence', 'time': '07-06-2019 12:40:33', 'user': {'account name': 'Guest'}},) = {'response': 400, 'error': 'Не верный запрос'} - presence_response - __main__
2019-06-07 12:40:33,087 - INFO - args: ({'action': 'presence', 'time': '07-06-2019 12:40:33', 'user': {'account name': 'Guest'}},) = {'response': 400, 'error': 'Не верный запрос'} - presence_response - __main__
2019-06-07 12:41:40,780 - INFO - args: ({'action': 'presence', 'time': '07-06-2019 12:41:40', 'user': {'account name': 'Guest'}},) = {'response': 400, 'error': 'Не верный запрос'} - presence_response - __main__
2019-06-07 12:41:40,781 - INFO - args: ({'action': 'presence', 'time': '07-06-2019 12:41:40', 'user': {'account name': 'Guest'}},) = {'response': 400, 'error': 'Не верный запрос'} - presence_response - __main__
2019-06-07 12:41:40,782 - INFO - args: ({'action': 'presence', 'time': '07-06-2019 12:41:40', 'user': {'account name': 'Guest'}},) = {'response': 400, 'error': 'Не верный запрос'} - presence_response - __main__
2019-06-07 12:41:40,783 - INFO - args: ({'action': 'presence', 'time': '07-06-2019 12:41:40', 'user': {'account name': 'Guest'}},) = {'response': 400, 'error': 'Не верный запрос'} - presence_response - __main__
2019-06-07 12:43:15,170 - INFO - args: ({'action': 'presence', 'time': '07-06-2019 12:43:15', 'user': {'account name': 'Guest'}},) = {'response': 400, 'error': 'Не верный запрос'} - presence_response - __main__
2019-06-07 12:43:15,171 - INFO - args: ({'action': 'presence', 'time': '07-06-2019 12:43:15', 'user': {'account name': 'Guest'}},) = {'response': 400, 'error': 'Не верный запрос'} - presence_response - __main__
2019-06-07 12:43:15,172 - INFO - args: ({'action': 'presence', 'time': '07-06-2019 12:43:15', 'user': {'account name': 'Guest'}},) = {'response': 400, 'error': 'Не верный запрос'} - presence_response - __main__
2019-06-07 12:43:15,173 - INFO - args: ({'action': 'presence', 'time': '07-06-2019 12:43:15', 'user': {'account name': 'Guest'}},) = {'response': 400, 'error': 'Не верный запрос'} - presence_response - __main__
2019-06-07 12:51:08,310 - INFO - args: ({'action': 'presence', 'time': 1559901068.2668133, 'user': {'account_name': 'Guest'}},) = {'response': 200} - presence_response - __main__
2019-06-07 12:51:08,322 - INFO - args: ({'action': 'presence', 'time': 1559901068.2668133, 'user': {'account_name': 'Guest'}},) = {'response': 200} - presence_response - __main__
2019-06-07 12:51:08,324 - INFO - args: ({'action': 'presence', 'time': 1559901068.2668133, 'user': {'account_name': 'Guest'}},) = {'response': 200} - presence_response - __main__
2019-06-07 12:51:08,325 - INFO - args: ({'action': 'presence', 'time': 1559901068.2678134, 'user': {'account_name': 'Guest'}},) = {'response': 200} - presence_response - __main__
2019-06-07 12:53:10,695 - INFO - args: ({'action': 'presence', 'time': '07-06-2019 12:53:10', 'user': {'account_name': 'Guest'}},) = {'response': 400, 'error': 'Не верный запрос'} - presence_response - __main__
2019-06-07 12:53:10,696 - INFO - args: ({'action': 'presence', 'time': '07-06-2019 12:53:10', 'user': {'account_name': 'Guest'}},) = {'response': 400, 'error': 'Не верный запрос'} - presence_response - __main__
2019-06-07 12:53:10,697 - INFO - args: ({'action': 'presence', 'time': '07-06-2019 12:53:10', 'user': {'account_name': 'Guest'}},) = {'response': 400, 'error': 'Не верный запрос'} - presence_response - __main__
2019-06-07 12:53:10,700 - INFO - args: ({'action': 'presence', 'time': '07-06-2019 12:53:10', 'user': {'account_name': 'Guest'}},) = {'response': 400, 'error': 'Не верный запрос'} - presence_response - __main__
2019-06-07 12:56:13,188 - INFO - args: ({'action': 'presence', 'time': '07-06-2019 12:56:13', 'user': {'account_name': 'Guest'}},) = {'response': 400, 'error': 'Не верный запрос'} - presence_response - __main__
2019-06-07 12:56:13,189 - INFO - args: ({'action': 'presence', 'time': '07-06-2019 12:56:13', 'user': {'account_name': 'Guest'}},) = {'response': 400, 'error': 'Не верный запрос'} - presence_response - __main__
2019-06-07 12:56:13,190 - INFO - args: ({'action': 'presence', 'time': '07-06-2019 12:56:13', 'user': {'account_name': 'Guest'}},) = {'response': 400, 'error': 'Не верный запрос'} - presence_response - __main__
2019-06-07 12:56:13,190 - INFO - args: ({'action': 'presence', 'time': '07-06-2019 12:56:13', 'user': {'account_name': 'Guest'}},) = {'response': 400, 'error': 'Не верный запрос'} - presence_response - __main__
2019-06-07 12:57:33,362 - INFO - args: ({'action': 'presence', 'time': '07-06-2019 12:57:33', 'user': {'account_name': 'Guest'}},) = {'response': 400, 'error': 'Не верный запрос'} - presence_response - __main__
2019-06-07 12:57:33,376 - INFO - args: ({'action': 'presence', 'time': '07-06-2019 12:57:33', 'user': {'account_name': 'Guest'}},) = {'response': 400, 'error': 'Не верный запрос'} - presence_response - __main__
2019-06-07 12:57:33,377 - INFO - args: ({'action': 'presence', 'time': '07-06-2019 12:57:33', 'user': {'account_name': 'Guest'}},) = {'response': 400, 'error': 'Не верный запрос'} - presence_response - __main__
2019-06-07 12:57:33,419 - INFO - args: ({'action': 'presence', 'time': '07-06-2019 12:57:33', 'user': {'account_name': 'Guest'}},) = {'response': 400, 'error': 'Не верный запрос'} - presence_response - __main__
2019-06-07 12:57:45,706 - INFO - args: ({'action': 'presence', 'time': 1559901465.7053416, 'user': {'account_name': 'Guest'}},) = {'response': 200} - presence_response - __main__
2019-06-07 12:57:45,720 - INFO - args: ({'action': 'presence', 'time': 1559901465.711342, 'user': {'account_name': 'Guest'}},) = {'response': 200} - presence_response - __main__
2019-06-07 12:57:45,741 - INFO - args: ({'action': 'presence', 'time': 1559901465.7403438, 'user': {'account_name': 'Guest'}},) = {'response': 200} - presence_response - __main__
2019-06-07 12:57:45,771 - INFO - args: ({'action': 'presence', 'time': 1559901465.7713456, 'user': {'account_name': 'Guest'}},) = {'response': 200} - presence_response - __main__
2019-06-07 12:58:44,904 - INFO - args: ({'action': 'presence', 'time': '07-06-2019 12:58:44', 'user': {'account_name': 'Guest'}},) = {'response': 400, 'error': 'Не верный запрос'} - presence_response - __main__
2019-06-07 12:58:44,916 - INFO - args: ({'action': 'presence', 'time': '07-06-2019 12:58:44', 'user': {'account_name': 'Guest'}},) = {'response': 400, 'error': 'Не верный запрос'} - presence_response - __main__
2019-06-07 12:58:44,921 - INFO - args: ({'action': 'presence', 'time': '07-06-2019 12:58:44', 'user': {'account_name': 'Guest'}},) = {'response': 400, 'error': 'Не верный запрос'} - presence_response - __main__
2019-06-07 12:58:45,007 - INFO - args: ({'action': 'presence', 'time': '07-06-2019 12:58:45', 'user': {'account_name': 'Guest'}},) = {'response': 400, 'error': 'Не верный запрос'} - presence_response - __main__
2019-06-07 12:58:59,509 - INFO - args: ({'action': 'presence', 'time': '07-06-2019 12:58:59', 'user': {'account_name': 'Guest'}},) = {'response': 400, 'error': 'Не верный запрос'} - presence_response - __main__
2019-06-07 12:58:59,523 - INFO - args: ({'action': 'presence', 'time': '07-06-2019 12:58:59', 'user': {'account_name': 'Guest'}},) = {'response': 400, 'error': 'Не верный запрос'} - presence_response - __main__
2019-06-07 12:58:59,523 - INFO - args: ({'action': 'presence', 'time': '07-06-2019 12:58:59', 'user': {'account_name': 'Guest'}},) = {'response': 400, 'error': 'Не верный запрос'} - presence_response - __main__
2019-06-07 12:58:59,552 - INFO - args: ({'action': 'presence', 'time': '07-06-2019 12:58:59', 'user': {'account_name': 'Guest'}},) = {'response': 400, 'error': 'Не верный запрос'} - presence_response - __main__
2019-06-07 13:00:57,031 - INFO - args: ({'action': 'presence', 'time': '07-06-2019 13:00:57', 'user': {'account_name': 'Guest'}},) = {'response': 400, 'error': 'Не верный запрос'} - presence_response - __main__
2019-06-07 13:00:57,048 - INFO - args: ({'action': 'presence', 'time': '07-06-2019 13:00:57', 'user': {'account_name': 'Guest'}},) = {'response': 400, 'error': 'Не верный запрос'} - presence_response - __main__
2019-06-07 13:00:57,062 - INFO - args: ({'action': 'presence', 'time': '07-06-2019 13:00:57', 'user': {'account_name': 'Guest'}},) = {'response': 400, 'error': 'Не верный запрос'} - presence_response - __main__
2019-06-07 13:00:57,083 - INFO - args: ({'action': 'presence', 'time': '07-06-2019 13:00:57', 'user': {'account_name': 'Guest'}},) = {'response': 400, 'error': 'Не верный запрос'} - presence_response - __main__
2019-06-07 13:02:16,088 - INFO - args: ({'action': 'presence', 'time': '07-06-2019 13:02:16', 'user': {'account_name': 'Guest'}},) = {'response': 400, 'error': 'Не верный запрос'} - presence_response - __main__
2019-06-07 13:02:16,099 - INFO - args: ({'action': 'presence', 'time': '07-06-2019 13:02:16', 'user': {'account_name': 'Guest'}},) = {'response': 400, 'error': 'Не верный запрос'} - presence_response - __main__
2019-06-07 13:02:16,125 - INFO - args: ({'action': 'presence', 'time': '07-06-2019 13:02:16', 'user': {'account_name': 'Guest'}},) = {'response': 400, 'error': 'Не верный запрос'} - presence_response - __main__
2019-06-07 13:02:16,181 - INFO - args: ({'action': 'presence', 'time': '07-06-2019 13:02:16', 'user': {'account_name': 'Guest'}},) = {'response': 400, 'error': 'Не верный запрос'} - presence_response - __main__
2019-06-07 13:04:17,941 - INFO - args: ({'action': 'presence', 'time': '07-06-2019 13:04:17', 'user': {'account_name': 'Guest'}},) = {'response': 400, 'error': 'Не верный запрос'} - presence_response - __main__
2019-06-07 13:04:17,946 - INFO - args: ({'action': 'presence', 'time': '07-06-2019 13:04:17', 'user': {'account_name': 'Guest'}},) = {'response': 400, 'error': 'Не верный запрос'} - presence_response - __main__
2019-06-07 13:04:17,964 - INFO - args: ({'action': 'presence', 'time': '07-06-2019 13:04:17', 'user': {'account_name': 'Guest'}},) = {'response': 400, 'error': 'Не верный запрос'} - presence_response - __main__
2019-06-07 13:04:18,027 - INFO - args: ({'action': 'presence', 'time': '07-06-2019 13:04:18', 'user': {'account_name': 'Guest'}},) = {'response': 400, 'error': 'Не верный запрос'} - presence_response - __main__
2019-06-07 13:05:48,741 - INFO - args: ({'action': 'presence', 'time': '07-06-2019 13:05:48', 'user': {'account_name': 'Guest'}},) = {'response': 400, 'error': 'Не верный запрос'} - presence_response - __main__
2019-06-07 13:05:48,755 - INFO - args: ({'action': 'presence', 'time': '07-06-2019 13:05:48', 'user': {'account_name': 'Guest'}},) = {'response': 400, 'error': 'Не верный запрос'} - presence_response - __main__
2019-06-07 13:05:48,805 - INFO - args: ({'action': 'presence', 'time': '07-06-2019 13:05:48', 'user': {'account_name': 'Guest'}},) = {'response': 400, 'error': 'Не верный запрос'} - presence_response - __main__
2019-06-07 13:05:48,806 - INFO - args: ({'action': 'presence', 'time': '07-06-2019 13:05:48', 'user': {'account_name': 'Guest'}},) = {'response': 400, 'error': 'Не верный запрос'} - presence_response - __main__
2019-06-07 13:12:48,020 - INFO - args: ({'action': 'presence', 'time': '07-06-2019 13:12:48', 'user': {'account_name': 'Guest'}},) = {'response': 400, 'error': 'Не верный запрос'} - presence_response - __main__
2019-06-07 13:12:48,034 - INFO - args: ({'action': 'presence', 'time': '07-06-2019 13:12:48', 'user': {'account_name': 'Guest'}},) = {'response': 400, 'error': 'Не верный запрос'} - presence_response - __main__
2019-06-07 13:12:48,092 - INFO - args: ({'action': 'presence', 'time': '07-06-2019 13:12:48', 'user': {'account_name': 'Guest'}},) = {'response': 400, 'error': 'Не верный запрос'} - presence_response - __main__
2019-06-07 13:12:48,096 - INFO - args: ({'action': 'presence', 'time': '07-06-2019 13:12:48', 'user': {'account_name': 'Guest'}},) = {'response': 400, 'error': 'Не верный запрос'} - presence_response - __main__
2019-06-07 16:09:43,230 - INFO - args: ({'action': 'presence', 'time': 1559912983.2061033, 'user': {'account_name': 'Guest'}},) = {'response': 200} - presence_response - __main__
2019-06-07 16:09:43,256 - INFO - args: ({'action': 'presence', 'time': 1559912983.2071035, 'user': {'account_name': 'Guest'}},) = {'response': 200} - presence_response - __main__
2019-06-07 16:09:43,331 - INFO - args: ({'action': 'presence', 'time': 1559912983.33111, 'user': {'account_name': 'Guest'}},) = {'response': 200} - presence_response - __main__
2019-06-07 16:09:43,332 - INFO - args: ({'action': 'presence', 'time': 1559912983.33111, 'user': {'account_name': 'Guest'}},) = {'response': 200} - presence_response - __main__
2019-06-07 16:19:17,387 - INFO - args: ({'action': 'presence', 'time': 1559913557.3695068, 'user': {'account_name': 'Guest'}},) = {'response': 200} - presence_response - __main__
2019-06-07 16:19:17,404 - INFO - args: ({'action': 'presence', 'time': 1559913557.3695068, 'user': {'account_name': 'Guest'}},) = {'response': 200} - presence_response - __main__
2019-06-07 16:19:17,405 - INFO - args: ({'action': 'presence', 'time': 1559913557.3925073, 'user': {'account_name': 'Guest'}},) = {'response': 200} - presence_response - __main__
2019-06-07 16:19:17,405 - INFO - args: ({'action': 'presence', 'time': 1559913557.3925073, 'user': {'account_name': 'Guest'}},) = {'response': 200} - presence_response - __main__
2019-06-07 16:22:10,204 - INFO - args: ({'action': 'presence', 'time': 1559913730.1812048, 'user': {'account_name': 'Guest'}},) = {'response': 200} - presence_response - __main__
2019-06-07 16:22:10,286 - INFO - args: ({'action': 'presence', 'time': 1559913730.2852106, 'user': {'account_name': 'Guest'}},) = {'response': 200} - presence_response - __main__
2019-06-07 16:22:10,289 - INFO - args: ({'action': 'presence', 'time': 1559913730.2892108, 'user': {'account_name': 'Guest'}},) = {'response': 200} - presence_response - __main__
2019-06-07 16:22:10,297 - INFO - args: ({'action': 'presence', 'time': 1559913730.2962112, 'user': {'account_name': 'Guest'}},) = {'response': 200} - presence_response - __main__
2019-06-07 16:35:10,521 - INFO - args: ({'action': 'presence', 'time': 1559914510.5129926, 'user': {'account_name': 'Guest'}},) = {'response': 200} - presence_response - __main__
2019-06-07 16:35:10,540 - INFO - args: ({'action': 'presence', 'time': 1559914510.5129926, 'user': {'account_name': 'Guest'}},) = {'response': 200} - presence_response - __main__
2019-06-07 16:35:10,540 - INFO - args: ({'action': 'presence', 'time': 1559914510.5129926, 'user': {'account_name': 'Guest'}},) = {'response': 200} - presence_response - __main__
2019-06-07 16:35:10,541 - INFO - args: ({'action': 'presence', 'time': 1559914510.541994, 'user': {'account_name': 'Guest'}},) = {'response': 200} - presence_response - __main__
2019-06-07 16:35:55,853 - INFO - args: ({'action': 'presence', 'time': 1559914555.8345416, 'user': {'account_name': 'Guest'}},) = {'response': 200} - presence_response - __main__
2019-06-07 16:35:55,872 - INFO - args: ({'action': 'presence', 'time': 1559914555.8365417, 'user': {'account_name': 'Guest'}},) = {'response': 200} - presence_response - __main__
2019-06-07 16:35:55,873 - INFO - args: ({'action': 'presence', 'time': 1559914555.8375418, 'user': {'account_name': 'Guest'}},) = {'response': 200} - presence_response - __main__
2019-06-07 16:35:55,873 - INFO - args: ({'action': 'presence', 'time': 1559914555.8385417, 'user': {'account_name': 'Guest'}},) = {'response': 200} - presence_response - __main__
2019-06-07 16:36:32,335 - INFO - args: ({'action': 'presence', 'time': 1559914592.302588, 'user': {'account_name': 'Guest'}},) = {'response': 200} - presence_response - __main__
2019-06-07 16:36:32,354 - INFO - args: ({'action': 'presence', 'time': 1559914592.3015878, 'user': {'account_name': 'Guest'}},) = {'response': 200} - presence_response - __main__
2019-06-07 16:36:32,356 - INFO - args: ({'action': 'presence', 'time': 1559914592.302588, 'user': {'account_name': 'Guest'}},) = {'response': 200} - presence_response - __main__
2019-06-07 16:36:32,357 - INFO - args: ({'action': 'presence', 'time': 1559914592.302588, 'user': {'account_name': 'Guest'}},) = {'response': 200} - presence_response - __main__
2019-06-07 16:37:06,034 - INFO - args: ({'action': 'presence', 'time': 1559914626.0214753, 'user': {'account_name': 'Guest'}},) = {'response': 200} - presence_response - __main__
2019-06-07 16:37:06,052 - INFO - args: ({'action': 'presence', 'time': 1559914626.0214753, 'user': {'account_name': 'Guest'}},) = {'response': 200} - presence_response - __main__
2019-06-07 16:37:06,053 - INFO - args: ({'action': 'presence', 'time': 1559914626.0224752, 'user': {'account_name': 'Guest'}},) = {'response': 200} - presence_response - __main__
2019-06-07 16:37:06,053 - INFO - args: ({'action': 'presence', 'time': 1559914626.0224752, 'user': {'account_name': 'Guest'}},) = {'response': 200} - presence_response - __main__
2019-06-07 16:41:43,876 - INFO - args: ({'action': 'presence', 'time': 1559914903.8580737, 'user': {'account_name': 'Guest'}},) = {'response': 200} - presence_response - __main__
2019-06-07 16:41:43,894 - INFO - args: ({'action': 'presence', 'time': 1559914903.8580737, 'user': {'account_name': 'Guest'}},) = {'response': 200} - presence_response - __main__
2019-06-07 16:41:43,895 - INFO - args: ({'action': 'presence', 'time': 1559914903.8590739, 'user': {'account_name': 'Guest'}},) = {'response': 200} - presence_response - __main__
2019-06-07 16:41:43,895 - INFO - args: ({'action': 'presence', 'time': 1559914903.8590739, 'user': {'account_name': 'Guest'}},) = {'response': 200} - presence_response - __main__
2019-06-07 16:45:18,219 - INFO - args: ({'action': 'presence', 'time': '07-06-2019 16:45:18', 'user': {'account_name': 'Guest'}},) = {'response': 400, 'error': 'Не верный запрос'} - presence_response - __main__
2019-06-07 16:45:18,221 - INFO - args: ({'action': 'presence', 'time': '07-06-2019 16:45:18', 'user': {'account_name': 'Guest'}},) = {'response': 400, 'error': 'Не верный запрос'} - presence_response - __main__
2019-06-07 16:45:18,222 - INFO - args: ({'action': 'presence', 'time': '07-06-2019 16:45:18', 'user': {'account_name': 'Guest'}},) = {'response': 400, 'error': 'Не верный запрос'} - presence_response - __main__
2019-06-07 16:45:18,223 - INFO - args: ({'action': 'presence', 'time': '07-06-2019 16:45:18', 'user': {'account_name': 'Guest'}},) = {'response': 400, 'error': 'Не верный запрос'} - presence_response - __main__
2019-06-07 16:45:36,926 - INFO - args: ({'action': 'presence', 'time': '07-06-2019 16:45:36', 'user': {'account_name': 'Guest'}},) = {'response': 400, 'error': 'Не верный запрос'} - presence_response - __main__
2019-06-07 16:45:36,927 - INFO - args: ({'action': 'presence', 'time': '07-06-2019 16:45:36', 'user': {'account_name': 'Guest'}},) = {'response': 400, 'error': 'Не верный запрос'} - presence_response - __main__
2019-06-07 16:45:36,928 - INFO - args: ({'action': 'presence', 'time': '07-06-2019 16:45:36', 'user': {'account_name': 'Guest'}},) = {'response': 400, 'error': 'Не верный запрос'} - presence_response - __main__
2019-06-07 16:45:36,931 - INFO - args: ({'action': 'presence', 'time': '07-06-2019 16:45:36', 'user': {'account_name': 'Guest'}},) = {'response': 400, 'error': 'Не верный запрос'} - presence_response - __main__
2019-06-07 16:55:48,773 - INFO - args: ({'action': 'presence', 'time': '07-06-2019 16:55:48', 'user': {'account_name': 'Guest'}},) = {'response': 400, 'error': 'Не верный запрос'} - presence_response - __main__
2019-06-07 16:55:48,775 - INFO - args: ({'action': 'presence', 'time': '07-06-2019 16:55:48', 'user': {'account_name': 'Guest'}},) = {'response': 400, 'error': 'Не верный запрос'} - presence_response - __main__
2019-06-07 16:55:48,776 - INFO - args: ({'action': 'presence', 'time': '07-06-2019 16:55:48', 'user': {'account_name': 'Guest'}},) = {'response': 400, 'error': 'Не верный запрос'} - presence_response - __main__
2019-06-07 16:55:48,790 - INFO - args: ({'action': 'presence', 'time': '07-06-2019 16:55:48', 'user': {'account_name': 'Guest'}},) = {'response': 400, 'error': 'Не верный запрос'} - presence_response - __main__
2019-06-07 17:04:28,151 - INFO - args: ({'action': 'presence', 'time': '07-06-2019 17:04:28', 'user': {'account_name': 'Guest'}},) = {'response': 400, 'error': 'Не верный запрос'} - presence_response - __main__
2019-06-07 17:04:28,152 - INFO - args: ({'action': 'presence', 'time': '07-06-2019 17:04:28', 'user': {'account_name': 'Guest'}},) = {'response': 400, 'error': 'Не верный запрос'} - presence_response - __main__
2019-06-07 17:04:28,153 - INFO - args: ({'action': 'presence', 'time': '07-06-2019 17:04:28', 'user': {'account_name': 'Guest'}},) = {'response': 400, 'error': 'Не верный запрос'} - presence_response - __main__
2019-06-07 17:04:28,168 - INFO - args: ({'action': 'presence', 'time': '07-06-2019 17:04:28', 'user': {'account_name': 'Guest'}},) = {'response': 400, 'error': 'Не верный запрос'} - presence_response - __main__
2019-06-07 17:05:36,628 - INFO - args: ({'action': 'presence', 'time': '07-06-2019 17:05:36', 'user': {'account_name': 'Guest'}},) = {'response': 400, 'error': 'Не верный запрос'} - presence_response - __main__
2019-06-07 17:05:36,629 - INFO - args: ({'action': 'presence', 'time': '07-06-2019 17:05:36', 'user': {'account_name': 'Guest'}},) = {'response': 400, 'error': 'Не верный запрос'} - presence_response - __main__
2019-06-07 17:05:36,630 - INFO - args: ({'action': 'presence', 'time': '07-06-2019 17:05:36', 'user': {'account_name': 'Guest'}},) = {'response': 400, 'error': 'Не верный запрос'} - presence_response - __main__
2019-06-07 17:05:36,631 - INFO - args: ({'action': 'presence', 'time': '07-06-2019 17:05:36', 'user': {'account_name': 'Guest'}},) = {'response': 400, 'error': 'Не верный запрос'} - presence_response - __main__
2019-06-07 17:06:53,809 - INFO - args: ({'action': 'presence', 'time': '07-06-2019 17:06:53', 'user': {'account_name': 'Guest'}},) = {'response': 400, 'error': 'Не верный запрос'} - presence_response - __main__
2019-06-07 17:06:53,810 - INFO - args: ({'action': 'presence', 'time': '07-06-2019 17:06:53', 'user': {'account_name': 'Guest'}},) = {'response': 400, 'error': 'Не верный запрос'} - presence_response - __main__
2019-06-07 17:06:53,811 - INFO - args: ({'action': 'presence', 'time': '07-06-2019 17:06:53', 'user': {'account_name': 'Guest'}},) = {'response': 400, 'error': 'Не верный запрос'} - presence_response - __main__
2019-06-07 17:06:53,812 - INFO - args: ({'action': 'presence', 'time': '07-06-2019 17:06:53', 'user': {'account_name': 'Guest'}},) = {'response': 400, 'error': 'Не верный запрос'} - presence_response - __main__
2019-06-12 16:06:45,656 - INFO - args: ({'action': 'presence', 'time': 1560344805.655713, 'user': {'account_name': 'Guest'}},) = {'response': 200} - presence_response - __main__
2019-06-12 16:31:30,871 - INFO - args: ({'action': 'presence', 'time': 1560346290.8719862, 'user': {'account_name': 'Guest'}},) = {'response': 200} - presence_response - __main__
2019-06-12 16:39:33,738 - INFO - args: ({'action': 'presence', 'time': 1560346773.737419, 'user': {'account_name': 'Guest'}},) = {'response': 200} - presence_response - __main__
2019-06-12 16:59:31,362 - INFO - args: ({'action': 'presence', 'time': 1560347971.3612921, 'user': {'account_name': 'Guest'}},) = {'response': 200} - presence_response - __main__
2019-06-12 17:00:21,828 - INFO - args: ({'action': 'presence', 'time': 1560348021.827845, 'user': {'account_name': 'Guest'}},) = {'response': 200} - presence_response - __main__
2019-06-12 17:01:57,259 - INFO - args: ({'action': 'presence', 'time': 1560348117.2584374, 'user': {'account_name': 'Guest'}},) = {'response': 200} - presence_response - __main__
2019-06-12 17:05:20,571 - INFO - args: ({'action': 'presence', 'time': 1560348320.5712943, 'user': {'account_name': 'Guest'}},) = {'response': 200} - presence_response - __main__
2019-06-12 17:05:23,044 - INFO - args: ({'action': 'presence', 'time': 1560348323.0445654, 'user': {'account_name': 'Guest'}},) = {'response': 200} - presence_response - __main__
2019-06-12 17:05:24,453 - INFO - args: ({'action': 'presence', 'time': 1560348324.452305, 'user': {'account_name': 'Guest'}},) = {'response': 200} - presence_response - __main__
2019-06-12 17:19:48,562 - INFO - args: ({'action': 'presence', 'time': 1560349188.5612717, 'user': {'account_name': 'Guest'}},) = {'response': 200} - presence_response - __main__
2019-06-12 17:24:28,504 - INFO - args: ({'action': 'presence', 'time': 1560349468.5027897, 'user': {'account_name': 'Guest'}},) = {'response': 200} - presence_response - __main__
2019-06-12 17:26:27,216 - INFO - args: ({'action': 'presence', 'time': 1560349587.2153409, 'user': {'account_name': 'Guest'}},) = {'response': 200} - presence_response - __main__
2019-06-12 17:27:55,258 - INFO - args: ({'action': 'presence', 'time': 1560349675.2571337, 'user': {'account_name': 'Guest'}},) = {'response': 200} - presence_response - __main__
2019-06-12 17:35:59,632 - INFO - args: ({'action': 'presence', 'time': 1560350159.6327598, 'user': {'account_name': 'Guest'}},) = {'response': 200} - presence_response - __main__
2019-06-12 17:37:00,597 - INFO - args: ({'action': 'presence', 'time': 1560350220.5959926, 'user': {'account_name': 'Guest'}},) = {'response': 200} - presence_response - __main__
2019-06-12 17:38:21,107 - INFO - args: ({'action': 'presence', 'time': 1560350301.0930405, 'user': {'account_name': 'Guest'}},) = {'response': 200} - presence_response - __main__
2019-06-12 17:38:21,119 - INFO - args: ({'action': 'presence', 'time': 1560350301.1090143, 'user': {'account_name': 'Guest'}},) = {'response': 200} - presence_response - __main__
2019-06-12 17:38:21,142 - INFO - args: ({'action': 'presence', 'time': 1560350301.1414015, 'user': {'account_name': 'Guest'}},) = {'response': 200} - presence_response - __main__
2019-06-12 17:38:21,151 - INFO - args: ({'action': 'presence', 'time': 1560350301.149808, 'user': {'account_name': 'Guest'}},) = {'response': 200} - presence_response - __main__
2019-06-12 17:54:03,865 - INFO - args: ({'action': 'presence', 'time': 1560351243.8635526, 'user': {'account_name': 'Guest'}},) = {'response': 200} - presence_response - __main__
2019-06-12 17:54:03,899 - INFO - args: ({'action': 'presence', 'time': 1560351243.8989253, 'user': {'account_name': 'Guest'}},) = {'response': 200} - presence_response - __main__
2019-06-12 17:54:03,920 - INFO - args: ({'action': 'presence', 'time': 1560351243.9190578, 'user': {'account_name': 'Guest'}},) = {'response': 200} - presence_response - __main__
2019-06-12 17:54:03,927 - INFO - args: ({'action': 'presence', 'time': 1560351243.9262629, 'user': {'account_name': 'Guest'}},) = {'response': 200} - presence_response - __main__
